<?xml version="1.0" encoding="UTF-8"?>
<!-- Generated by org.testng.reporters.JUnitReportReporter -->
<testsuite skipped="0" hostname="CDC2-D-CFLNXJ2" name="com.tests.DemoWebShopTest" tests="1" failures="0" timestamp="26 Feb 2020 10:21:01 GMT" time="39.181" errors="0">
  <testcase name="setUp" time="39.181" classname="com.tests.DemoWebShopTest"/>
</testsuite> <!-- com.tests.DemoWebShopTest -->
