<?xml version="1.0" encoding="UTF-8"?>
<!-- Generated by org.testng.reporters.JUnitReportReporter -->
<testsuite skipped="0" hostname="CDC2-D-CHXLXJ2" name="com.tests.DemoWebShopTest" tests="1" failures="0" timestamp="26 Feb 2020 11:43:45 GMT" time="42.148" errors="0">
  <testcase name="setUp" time="42.148" classname="com.tests.DemoWebShopTest"/>
</testsuite> <!-- com.tests.DemoWebShopTest -->
